-- The C compiler identification is GNU 13.2.0
-- The CXX compiler identification is GNU 13.2.0
-- Detecting C compiler ABI info
-- Detecting C compiler ABI info - done
-- Check for working C compiler: /usr/bin/cc - skipped
-- Detecting C compile features
-- Detecting C compile features - done
-- Detecting CXX compiler ABI info
-- Detecting CXX compiler ABI info - done
-- Check for working CXX compiler: /usr/bin/c++ - skipped
-- Detecting CXX compile features
-- Detecting CXX compile features - done
-- Found ament_cmake: 2.5.2 (/opt/ros/jazzy/share/ament_cmake/cmake)
-- Found Python3: /usr/bin/python3 (found version "3.12.3") found components: Interpreter 
-- Found ament_lint_auto: 0.17.1 (/opt/ros/jazzy/share/ament_lint_auto/cmake)
-- Added test 'lint_cmake' to check CMake code style
-- Added test 'xmllint' to check XML markup files
-- Configuring done (0.8s)
-- Generating done (0.0s)
-- Build files have been written to: /home/nuc/Desktop/ROS_Tutorials/Workspaces/ros2_cpp_ws/build/udemy_ros2_pkg
-- Install configuration: ""
-- Installing: /home/nuc/Desktop/ROS_Tutorials/Workspaces/ros2_cpp_ws/install/udemy_ros2_pkg/share/ament_index/resource_index/package_run_dependencies/udemy_ros2_pkg
-- Installing: /home/nuc/Desktop/ROS_Tutorials/Workspaces/ros2_cpp_ws/install/udemy_ros2_pkg/share/ament_index/resource_index/parent_prefix_path/udemy_ros2_pkg
-- Installing: /home/nuc/Desktop/ROS_Tutorials/Workspaces/ros2_cpp_ws/install/udemy_ros2_pkg/share/udemy_ros2_pkg/environment/ament_prefix_path.sh
-- Installing: /home/nuc/Desktop/ROS_Tutorials/Workspaces/ros2_cpp_ws/install/udemy_ros2_pkg/share/udemy_ros2_pkg/environment/ament_prefix_path.dsv
-- Installing: /home/nuc/Desktop/ROS_Tutorials/Workspaces/ros2_cpp_ws/install/udemy_ros2_pkg/share/udemy_ros2_pkg/environment/path.sh
-- Installing: /home/nuc/Desktop/ROS_Tutorials/Workspaces/ros2_cpp_ws/install/udemy_ros2_pkg/share/udemy_ros2_pkg/environment/path.dsv
-- Installing: /home/nuc/Desktop/ROS_Tutorials/Workspaces/ros2_cpp_ws/install/udemy_ros2_pkg/share/udemy_ros2_pkg/local_setup.bash
-- Installing: /home/nuc/Desktop/ROS_Tutorials/Workspaces/ros2_cpp_ws/install/udemy_ros2_pkg/share/udemy_ros2_pkg/local_setup.sh
-- Installing: /home/nuc/Desktop/ROS_Tutorials/Workspaces/ros2_cpp_ws/install/udemy_ros2_pkg/share/udemy_ros2_pkg/local_setup.zsh
-- Installing: /home/nuc/Desktop/ROS_Tutorials/Workspaces/ros2_cpp_ws/install/udemy_ros2_pkg/share/udemy_ros2_pkg/local_setup.dsv
-- Installing: /home/nuc/Desktop/ROS_Tutorials/Workspaces/ros2_cpp_ws/install/udemy_ros2_pkg/share/udemy_ros2_pkg/package.dsv
-- Installing: /home/nuc/Desktop/ROS_Tutorials/Workspaces/ros2_cpp_ws/install/udemy_ros2_pkg/share/ament_index/resource_index/packages/udemy_ros2_pkg
-- Installing: /home/nuc/Desktop/ROS_Tutorials/Workspaces/ros2_cpp_ws/install/udemy_ros2_pkg/share/udemy_ros2_pkg/cmake/udemy_ros2_pkgConfig.cmake
-- Installing: /home/nuc/Desktop/ROS_Tutorials/Workspaces/ros2_cpp_ws/install/udemy_ros2_pkg/share/udemy_ros2_pkg/cmake/udemy_ros2_pkgConfig-version.cmake
-- Installing: /home/nuc/Desktop/ROS_Tutorials/Workspaces/ros2_cpp_ws/install/udemy_ros2_pkg/share/udemy_ros2_pkg/package.xml
