[0.009s] Invoking command in '/home/nuc/Desktop/ROS_Tutorials/Workspaces/ros2_cpp_ws/build/udemy_ros2_pkg': CMAKE_PREFIX_PATH=${CMAKE_PREFIX_PATH}:/opt/ros/jazzy DEBUGINFOD_URLS=https://debuginfod.ubuntu.com /usr/bin/cmake --build /home/nuc/Desktop/ROS_Tutorials/Workspaces/ros2_cpp_ws/build/udemy_ros2_pkg -- -j8 -l8
[0.066s] [100%] Built target publisher
[0.077s] Invoked command in '/home/nuc/Desktop/ROS_Tutorials/Workspaces/ros2_cpp_ws/build/udemy_ros2_pkg' returned '0': CMAKE_PREFIX_PATH=${CMAKE_PREFIX_PATH}:/opt/ros/jazzy DEBUGINFOD_URLS=https://debuginfod.ubuntu.com /usr/bin/cmake --build /home/nuc/Desktop/ROS_Tutorials/Workspaces/ros2_cpp_ws/build/udemy_ros2_pkg -- -j8 -l8
[0.105s] Invoking command in '/home/nuc/Desktop/ROS_Tutorials/Workspaces/ros2_cpp_ws/build/udemy_ros2_pkg': CMAKE_PREFIX_PATH=${CMAKE_PREFIX_PATH}:/opt/ros/jazzy DEBUGINFOD_URLS=https://debuginfod.ubuntu.com /usr/bin/cmake --install /home/nuc/Desktop/ROS_Tutorials/Workspaces/ros2_cpp_ws/build/udemy_ros2_pkg
[0.113s] -- Install configuration: "RelWithDebInfo"
[0.113s] -- Execute custom install script
[0.113s] -- Up-to-date symlink: /home/nuc/Desktop/ROS_Tutorials/Workspaces/ros2_cpp_ws/install/udemy_ros2_pkg/lib/udemy_ros2_pkg/publisher
[0.113s] -- Up-to-date symlink: /home/nuc/Desktop/ROS_Tutorials/Workspaces/ros2_cpp_ws/install/udemy_ros2_pkg/share/ament_index/resource_index/package_run_dependencies/udemy_ros2_pkg
[0.114s] -- Up-to-date symlink: /home/nuc/Desktop/ROS_Tutorials/Workspaces/ros2_cpp_ws/install/udemy_ros2_pkg/share/ament_index/resource_index/parent_prefix_path/udemy_ros2_pkg
[0.114s] -- Up-to-date symlink: /home/nuc/Desktop/ROS_Tutorials/Workspaces/ros2_cpp_ws/install/udemy_ros2_pkg/share/udemy_ros2_pkg/environment/ament_prefix_path.sh
[0.114s] -- Up-to-date symlink: /home/nuc/Desktop/ROS_Tutorials/Workspaces/ros2_cpp_ws/install/udemy_ros2_pkg/share/udemy_ros2_pkg/environment/ament_prefix_path.dsv
[0.114s] -- Up-to-date symlink: /home/nuc/Desktop/ROS_Tutorials/Workspaces/ros2_cpp_ws/install/udemy_ros2_pkg/share/udemy_ros2_pkg/environment/path.sh
[0.114s] -- Up-to-date symlink: /home/nuc/Desktop/ROS_Tutorials/Workspaces/ros2_cpp_ws/install/udemy_ros2_pkg/share/udemy_ros2_pkg/environment/path.dsv
[0.114s] -- Up-to-date symlink: /home/nuc/Desktop/ROS_Tutorials/Workspaces/ros2_cpp_ws/install/udemy_ros2_pkg/share/udemy_ros2_pkg/local_setup.bash
[0.115s] -- Up-to-date symlink: /home/nuc/Desktop/ROS_Tutorials/Workspaces/ros2_cpp_ws/install/udemy_ros2_pkg/share/udemy_ros2_pkg/local_setup.sh
[0.115s] -- Up-to-date symlink: /home/nuc/Desktop/ROS_Tutorials/Workspaces/ros2_cpp_ws/install/udemy_ros2_pkg/share/udemy_ros2_pkg/local_setup.zsh
[0.115s] -- Up-to-date symlink: /home/nuc/Desktop/ROS_Tutorials/Workspaces/ros2_cpp_ws/install/udemy_ros2_pkg/share/udemy_ros2_pkg/local_setup.dsv
[0.115s] -- Symlinking: /home/nuc/Desktop/ROS_Tutorials/Workspaces/ros2_cpp_ws/install/udemy_ros2_pkg/share/udemy_ros2_pkg/package.dsv
[0.123s] -- Up-to-date symlink: /home/nuc/Desktop/ROS_Tutorials/Workspaces/ros2_cpp_ws/install/udemy_ros2_pkg/share/ament_index/resource_index/packages/udemy_ros2_pkg
[0.124s] -- Up-to-date symlink: /home/nuc/Desktop/ROS_Tutorials/Workspaces/ros2_cpp_ws/install/udemy_ros2_pkg/share/udemy_ros2_pkg/cmake/udemy_ros2_pkgConfig.cmake
[0.124s] -- Up-to-date symlink: /home/nuc/Desktop/ROS_Tutorials/Workspaces/ros2_cpp_ws/install/udemy_ros2_pkg/share/udemy_ros2_pkg/cmake/udemy_ros2_pkgConfig-version.cmake
[0.124s] -- Up-to-date symlink: /home/nuc/Desktop/ROS_Tutorials/Workspaces/ros2_cpp_ws/install/udemy_ros2_pkg/share/udemy_ros2_pkg/package.xml
[0.126s] Invoked command in '/home/nuc/Desktop/ROS_Tutorials/Workspaces/ros2_cpp_ws/build/udemy_ros2_pkg' returned '0': CMAKE_PREFIX_PATH=${CMAKE_PREFIX_PATH}:/opt/ros/jazzy DEBUGINFOD_URLS=https://debuginfod.ubuntu.com /usr/bin/cmake --install /home/nuc/Desktop/ROS_Tutorials/Workspaces/ros2_cpp_ws/build/udemy_ros2_pkg
