[0.010s] Invoking command in '/home/nuc/Desktop/ROS_Tutorials/Workspaces/ros2_cpp_ws/build/udemy_ros2_pkg': CMAKE_PREFIX_PATH=${CMAKE_PREFIX_PATH}:/opt/ros/jazzy DEBUGINFOD_URLS=https://debuginfod.ubuntu.com /usr/bin/cmake --build /home/nuc/Desktop/ROS_Tutorials/Workspaces/ros2_cpp_ws/build/udemy_ros2_pkg -- -j8 -l8
[0.064s] [ 50%] [32mBuilding CXX object CMakeFiles/publisher.dir/src/publisher.cpp.o[0m
[4.387s] [100%] [32m[1mLinking CXX executable publisher[0m
[4.548s] [100%] Built target publisher
[4.565s] Invoked command in '/home/nuc/Desktop/ROS_Tutorials/Workspaces/ros2_cpp_ws/build/udemy_ros2_pkg' returned '0': CMAKE_PREFIX_PATH=${CMAKE_PREFIX_PATH}:/opt/ros/jazzy DEBUGINFOD_URLS=https://debuginfod.ubuntu.com /usr/bin/cmake --build /home/nuc/Desktop/ROS_Tutorials/Workspaces/ros2_cpp_ws/build/udemy_ros2_pkg -- -j8 -l8
[4.594s] Invoking command in '/home/nuc/Desktop/ROS_Tutorials/Workspaces/ros2_cpp_ws/build/udemy_ros2_pkg': CMAKE_PREFIX_PATH=${CMAKE_PREFIX_PATH}:/opt/ros/jazzy DEBUGINFOD_URLS=https://debuginfod.ubuntu.com /usr/bin/cmake --install /home/nuc/Desktop/ROS_Tutorials/Workspaces/ros2_cpp_ws/build/udemy_ros2_pkg
[4.601s] -- Install configuration: ""
[4.601s] -- Installing: /home/nuc/Desktop/ROS_Tutorials/Workspaces/ros2_cpp_ws/install/udemy_ros2_pkg/lib/udemy_ros2_pkg/publisher
[4.603s] -- Set non-toolchain portion of runtime path of "/home/nuc/Desktop/ROS_Tutorials/Workspaces/ros2_cpp_ws/install/udemy_ros2_pkg/lib/udemy_ros2_pkg/publisher" to ""
[4.603s] -- Up-to-date: /home/nuc/Desktop/ROS_Tutorials/Workspaces/ros2_cpp_ws/install/udemy_ros2_pkg/share/ament_index/resource_index/package_run_dependencies/udemy_ros2_pkg
[4.603s] -- Up-to-date: /home/nuc/Desktop/ROS_Tutorials/Workspaces/ros2_cpp_ws/install/udemy_ros2_pkg/share/ament_index/resource_index/parent_prefix_path/udemy_ros2_pkg
[4.603s] -- Up-to-date: /home/nuc/Desktop/ROS_Tutorials/Workspaces/ros2_cpp_ws/install/udemy_ros2_pkg/share/udemy_ros2_pkg/environment/ament_prefix_path.sh
[4.603s] -- Up-to-date: /home/nuc/Desktop/ROS_Tutorials/Workspaces/ros2_cpp_ws/install/udemy_ros2_pkg/share/udemy_ros2_pkg/environment/ament_prefix_path.dsv
[4.603s] -- Up-to-date: /home/nuc/Desktop/ROS_Tutorials/Workspaces/ros2_cpp_ws/install/udemy_ros2_pkg/share/udemy_ros2_pkg/environment/path.sh
[4.603s] -- Up-to-date: /home/nuc/Desktop/ROS_Tutorials/Workspaces/ros2_cpp_ws/install/udemy_ros2_pkg/share/udemy_ros2_pkg/environment/path.dsv
[4.603s] -- Up-to-date: /home/nuc/Desktop/ROS_Tutorials/Workspaces/ros2_cpp_ws/install/udemy_ros2_pkg/share/udemy_ros2_pkg/local_setup.bash
[4.604s] -- Up-to-date: /home/nuc/Desktop/ROS_Tutorials/Workspaces/ros2_cpp_ws/install/udemy_ros2_pkg/share/udemy_ros2_pkg/local_setup.sh
[4.604s] -- Up-to-date: /home/nuc/Desktop/ROS_Tutorials/Workspaces/ros2_cpp_ws/install/udemy_ros2_pkg/share/udemy_ros2_pkg/local_setup.zsh
[4.604s] -- Up-to-date: /home/nuc/Desktop/ROS_Tutorials/Workspaces/ros2_cpp_ws/install/udemy_ros2_pkg/share/udemy_ros2_pkg/local_setup.dsv
[4.604s] -- Installing: /home/nuc/Desktop/ROS_Tutorials/Workspaces/ros2_cpp_ws/install/udemy_ros2_pkg/share/udemy_ros2_pkg/package.dsv
[4.604s] -- Up-to-date: /home/nuc/Desktop/ROS_Tutorials/Workspaces/ros2_cpp_ws/install/udemy_ros2_pkg/share/ament_index/resource_index/packages/udemy_ros2_pkg
[4.604s] -- Up-to-date: /home/nuc/Desktop/ROS_Tutorials/Workspaces/ros2_cpp_ws/install/udemy_ros2_pkg/share/udemy_ros2_pkg/cmake/udemy_ros2_pkgConfig.cmake
[4.604s] -- Up-to-date: /home/nuc/Desktop/ROS_Tutorials/Workspaces/ros2_cpp_ws/install/udemy_ros2_pkg/share/udemy_ros2_pkg/cmake/udemy_ros2_pkgConfig-version.cmake
[4.604s] -- Up-to-date: /home/nuc/Desktop/ROS_Tutorials/Workspaces/ros2_cpp_ws/install/udemy_ros2_pkg/share/udemy_ros2_pkg/package.xml
[4.605s] Invoked command in '/home/nuc/Desktop/ROS_Tutorials/Workspaces/ros2_cpp_ws/build/udemy_ros2_pkg' returned '0': CMAKE_PREFIX_PATH=${CMAKE_PREFIX_PATH}:/opt/ros/jazzy DEBUGINFOD_URLS=https://debuginfod.ubuntu.com /usr/bin/cmake --install /home/nuc/Desktop/ROS_Tutorials/Workspaces/ros2_cpp_ws/build/udemy_ros2_pkg
